Línea 119: la clase ComctlLib.ListView del control ListView1 no era una clase de control cargada.
Línea 239: la clase MSMask.MaskEdBox del control txtfechaing no era una clase de control cargada.
Línea 401: la clase TabDlg.SSTab del control SSTab1 no era una clase de control cargada.
Línea 126: el nombre de la propiedad _ExtentX de ListView1 no es válido.
Línea 127: el nombre de la propiedad _ExtentY de ListView1 no es válido.
Línea 128: el nombre de la propiedad View de ListView1 no es válido.
Línea 129: el nombre de la propiedad Arrange de ListView1 no es válido.
Línea 130: el nombre de la propiedad LabelEdit de ListView1 no es válido.
Línea 131: el nombre de la propiedad LabelWrap de ListView1 no es válido.
Línea 132: el nombre de la propiedad HideSelection de ListView1 no es válido.
Línea 133: el nombre de la propiedad _Version de ListView1 no es válido.
Línea 137: el nombre de la propiedad NumItems de ListView1 no es válido.
Línea 245: el nombre de la propiedad _ExtentX de txtfechaing no es válido.
Línea 246: el nombre de la propiedad _ExtentY de txtfechaing no es válido.
Línea 247: el nombre de la propiedad _Version de txtfechaing no es válido.
Línea 258: el nombre de la propiedad PromptChar de txtfechaing no es válido.
Línea 407: el nombre de la propiedad _ExtentX de SSTab1 no es válido.
Línea 408: el nombre de la propiedad _ExtentY de SSTab1 no es válido.
Línea 409: el nombre de la propiedad _Version de SSTab1 no es válido.
Línea 410: el nombre de la propiedad Style de SSTab1 no es válido.
Línea 411: el nombre de la propiedad Tabs de SSTab1 no es válido.
Línea 412: el nombre de la propiedad Tab de SSTab1 no es válido.
Línea 413: el nombre de la propiedad TabHeight de SSTab1 no es válido.
Línea 424: el nombre de la propiedad TabCaption(0) de SSTab1 no es válido.
Línea 425: el nombre de la propiedad TabPicture(0) de SSTab1 no es válido.
Línea 426: el nombre de la propiedad Tab(0).ControlEnabled de SSTab1 no es válido.
Línea 427: el nombre de la propiedad Tab(0).Control(0) de SSTab1 no es válido.
Línea 428: el nombre de la propiedad Tab(0).ControlCount de SSTab1 no es válido.
Línea 429: el nombre de la propiedad TabCaption(1) de SSTab1 no es válido.
Línea 430: el nombre de la propiedad TabPicture(1) de SSTab1 no es válido.
Línea 431: el nombre de la propiedad Tab(1).ControlEnabled de SSTab1 no es válido.
Línea 432: el nombre de la propiedad Tab(1).Control(0) de SSTab1 no es válido.
Línea 433: el nombre de la propiedad Tab(1).Control(0).Enabled de SSTab1 no es válido.
Línea 434: el nombre de la propiedad Tab(1).Control(1) de SSTab1 no es válido.
Línea 435: el nombre de la propiedad Tab(1).Control(1).Enabled de SSTab1 no es válido.
Línea 436: el nombre de la propiedad Tab(1).Control(2) de SSTab1 no es válido.
Línea 437: el nombre de la propiedad Tab(1).Control(2).Enabled de SSTab1 no es válido.
Línea 438: el nombre de la propiedad Tab(1).Control(3) de SSTab1 no es válido.
Línea 439: el nombre de la propiedad Tab(1).Control(3).Enabled de SSTab1 no es válido.
Línea 440: el nombre de la propiedad Tab(1).Control(4) de SSTab1 no es válido.
Línea 441: el nombre de la propiedad Tab(1).Control(4).Enabled de SSTab1 no es válido.
Línea 442: el nombre de la propiedad Tab(1).Control(5) de SSTab1 no es válido.
Línea 443: el nombre de la propiedad Tab(1).Control(5).Enabled de SSTab1 no es válido.
Línea 444: el nombre de la propiedad Tab(1).Control(6) de SSTab1 no es válido.
Línea 445: el nombre de la propiedad Tab(1).Control(6).Enabled de SSTab1 no es válido.
Línea 446: el nombre de la propiedad Tab(1).Control(7) de SSTab1 no es válido.
Línea 447: el nombre de la propiedad Tab(1).Control(7).Enabled de SSTab1 no es válido.
Línea 448: el nombre de la propiedad Tab(1).Control(8) de SSTab1 no es válido.
Línea 449: el nombre de la propiedad Tab(1).Control(8).Enabled de SSTab1 no es válido.
Línea 450: el nombre de la propiedad Tab(1).Control(9) de SSTab1 no es válido.
Línea 451: el nombre de la propiedad Tab(1).Control(9).Enabled de SSTab1 no es válido.
Línea 452: el nombre de la propiedad Tab(1).Control(10) de SSTab1 no es válido.
Línea 453: el nombre de la propiedad Tab(1).Control(10).Enabled de SSTab1 no es válido.
Línea 454: el nombre de la propiedad Tab(1).Control(11) de SSTab1 no es válido.
Línea 455: el nombre de la propiedad Tab(1).Control(11).Enabled de SSTab1 no es válido.
Línea 456: el nombre de la propiedad Tab(1).Control(12) de SSTab1 no es válido.
Línea 457: el nombre de la propiedad Tab(1).Control(12).Enabled de SSTab1 no es válido.
Línea 458: el nombre de la propiedad Tab(1).ControlCount de SSTab1 no es válido.
