Línea 79: la clase MSFlexGridLib.MSFlexGrid del control grid2 no era una clase de control cargada.
Línea 104: la clase MSFlexGridLib.MSFlexGrid del control grid1 no era una clase de control cargada.
Línea 125: la clase MSMask.MaskEdBox del control fecha2 no era una clase de control cargada.
Línea 136: la clase MSMask.MaskEdBox del control fecha1 no era una clase de control cargada.
Línea 85: el nombre de la propiedad _ExtentX de grid2 no es válido.
Línea 86: el nombre de la propiedad _ExtentY de grid2 no es válido.
Línea 87: el nombre de la propiedad _Version de grid2 no es válido.
Línea 88: el nombre de la propiedad ScrollBars de grid2 no es válido.
Línea 110: el nombre de la propiedad _ExtentX de grid1 no es válido.
Línea 111: el nombre de la propiedad _ExtentY de grid1 no es válido.
Línea 112: el nombre de la propiedad _Version de grid1 no es válido.
Línea 113: el nombre de la propiedad AllowBigSelection de grid1 no es válido.
Línea 114: el nombre de la propiedad GridLinesFixed de grid1 no es válido.
Línea 131: el nombre de la propiedad _ExtentX de fecha2 no es válido.
Línea 132: el nombre de la propiedad _ExtentY de fecha2 no es válido.
Línea 133: el nombre de la propiedad _Version de fecha2 no es válido.
Línea 134: el nombre de la propiedad PromptChar de fecha2 no es válido.
Línea 142: el nombre de la propiedad _ExtentX de fecha1 no es válido.
Línea 143: el nombre de la propiedad _ExtentY de fecha1 no es válido.
Línea 144: el nombre de la propiedad _Version de fecha1 no es válido.
Línea 145: el nombre de la propiedad PromptChar de fecha1 no es válido.
