Línea 17: la clase TabDlg.SSTab del control SSTab1 no era una clase de control cargada.
Línea 93: la clase ComctlLib.ProgressBar del control pb no era una clase de control cargada.
Línea 23: el nombre de la propiedad _ExtentX de SSTab1 no es válido.
Línea 24: el nombre de la propiedad _ExtentY de SSTab1 no es válido.
Línea 25: el nombre de la propiedad _Version de SSTab1 no es válido.
Línea 26: el nombre de la propiedad Tab de SSTab1 no es válido.
Línea 27: el nombre de la propiedad TabHeight de SSTab1 no es válido.
Línea 28: el nombre de la propiedad TabCaption(0) de SSTab1 no es válido.
Línea 29: el nombre de la propiedad TabPicture(0) de SSTab1 no es válido.
Línea 30: el nombre de la propiedad Tab(0).ControlCount de SSTab1 no es válido.
Línea 31: el nombre de la propiedad Tab(0).ControlEnabled de SSTab1 no es válido.
Línea 32: el nombre de la propiedad Tab(0).Control(0) de SSTab1 no es válido.
Línea 33: el nombre de la propiedad Tab(0).Control(0).Enabled de SSTab1 no es válido.
Línea 34: el nombre de la propiedad TabCaption(1) de SSTab1 no es válido.
Línea 35: el nombre de la propiedad TabPicture(1) de SSTab1 no es válido.
Línea 36: el nombre de la propiedad Tab(1).ControlCount de SSTab1 no es válido.
Línea 37: el nombre de la propiedad Tab(1).ControlEnabled de SSTab1 no es válido.
Línea 38: el nombre de la propiedad Tab(1).Control(0) de SSTab1 no es válido.
Línea 39: el nombre de la propiedad Tab(1).Control(0).Enabled de SSTab1 no es válido.
Línea 40: el nombre de la propiedad Tab(1).Control(1) de SSTab1 no es válido.
Línea 41: el nombre de la propiedad Tab(1).Control(1).Enabled de SSTab1 no es válido.
Línea 42: el nombre de la propiedad Tab(1).Control(2) de SSTab1 no es válido.
Línea 43: el nombre de la propiedad Tab(1).Control(2).Enabled de SSTab1 no es válido.
Línea 44: el nombre de la propiedad Tab(1).Control(3) de SSTab1 no es válido.
Línea 45: el nombre de la propiedad Tab(1).Control(3).Enabled de SSTab1 no es válido.
Línea 46: el nombre de la propiedad Tab(1).Control(4) de SSTab1 no es válido.
Línea 47: el nombre de la propiedad Tab(1).Control(4).Enabled de SSTab1 no es válido.
Línea 48: el nombre de la propiedad Tab(1).Control(5) de SSTab1 no es válido.
Línea 49: el nombre de la propiedad Tab(1).Control(5).Enabled de SSTab1 no es válido.
Línea 50: el nombre de la propiedad Tab(1).Control(6) de SSTab1 no es válido.
Línea 51: el nombre de la propiedad Tab(1).Control(6).Enabled de SSTab1 no es válido.
Línea 52: el nombre de la propiedad Tab(1).Control(7) de SSTab1 no es válido.
Línea 53: el nombre de la propiedad Tab(1).Control(7).Enabled de SSTab1 no es válido.
Línea 54: el nombre de la propiedad Tab(1).Control(8) de SSTab1 no es válido.
Línea 55: el nombre de la propiedad Tab(1).Control(8).Enabled de SSTab1 no es válido.
Línea 56: el nombre de la propiedad Tab(1).Control(9) de SSTab1 no es válido.
Línea 57: el nombre de la propiedad Tab(1).Control(9).Enabled de SSTab1 no es válido.
Línea 58: el nombre de la propiedad Tab(1).Control(10) de SSTab1 no es válido.
Línea 59: el nombre de la propiedad Tab(1).Control(10).Enabled de SSTab1 no es válido.
Línea 60: el nombre de la propiedad Tab(1).Control(11) de SSTab1 no es válido.
Línea 61: el nombre de la propiedad Tab(1).Control(11).Enabled de SSTab1 no es válido.
Línea 62: el nombre de la propiedad Tab(1).Control(12) de SSTab1 no es válido.
Línea 63: el nombre de la propiedad Tab(1).Control(12).Enabled de SSTab1 no es válido.
Línea 64: el nombre de la propiedad TabCaption(2) de SSTab1 no es válido.
Línea 65: el nombre de la propiedad TabPicture(2) de SSTab1 no es válido.
Línea 66: el nombre de la propiedad Tab(2).ControlCount de SSTab1 no es válido.
Línea 67: el nombre de la propiedad Tab(2).ControlEnabled de SSTab1 no es válido.
Línea 68: el nombre de la propiedad Tab(2).Control(0) de SSTab1 no es válido.
Línea 69: el nombre de la propiedad Tab(2).Control(0).Enabled de SSTab1 no es válido.
Línea 100: el nombre de la propiedad _ExtentX de pb no es válido.
Línea 101: el nombre de la propiedad _ExtentY de pb no es válido.
Línea 102: el nombre de la propiedad _Version de pb no es válido.
